<?xml version="1.0" encoding="UTF-8"?>
<testsuite xmlns:xsi="http://www.w3.org/2001/XMLSchema-instance" xsi:noNamespaceSchemaLocation="https://maven.apache.org/surefire/maven-surefire-plugin/xsd/surefire-test-report-3.0.xsd" version="3.0" name="com.acheron.camunda.connectors.mongodb.TestMongoFunctions" time="2.614" tests="7" errors="0" skipped="0" failures="0">
  <properties>
    <property name="java.specification.version" value="17"/>
    <property name="sun.cpu.isalist" value="amd64"/>
    <property name="sun.jnu.encoding" value="Cp1252"/>
    <property name="user.region" value="US"/>
    <property name="java.class.path" value="C:\Users\HariharanB\InnovationTeam\MongoDBConnector\mongodb-connector\target\test-classes;C:\Users\HariharanB\InnovationTeam\MongoDBConnector\mongodb-connector\target\classes;C:\Users\HariharanB\.m2\repository\io\camunda\connector\connector-core\0.11.3\connector-core-0.11.3.jar;C:\Users\HariharanB\.m2\repository\org\slf4j\slf4j-api\1.7.36\slf4j-api-1.7.36.jar;C:\Users\HariharanB\.m2\repository\io\camunda\connector\connector-validation\0.11.3\connector-validation-0.11.3.jar;C:\Users\HariharanB\.m2\repository\org\hibernate\validator\hibernate-validator\8.0.0.Final\hibernate-validator-8.0.0.Final.jar;C:\Users\HariharanB\.m2\repository\jakarta\validation\jakarta.validation-api\3.0.2\jakarta.validation-api-3.0.2.jar;C:\Users\HariharanB\.m2\repository\org\jboss\logging\jboss-logging\3.4.1.Final\jboss-logging-3.4.1.Final.jar;C:\Users\HariharanB\.m2\repository\com\fasterxml\classmate\1.5.1\classmate-1.5.1.jar;C:\Users\HariharanB\.m2\repository\org\mongodb\mongodb-driver-sync\4.10.2\mongodb-driver-sync-4.10.2.jar;C:\Users\HariharanB\.m2\repository\org\mongodb\bson\4.10.2\bson-4.10.2.jar;C:\Users\HariharanB\.m2\repository\org\mongodb\mongodb-driver-core\4.10.2\mongodb-driver-core-4.10.2.jar;C:\Users\HariharanB\.m2\repository\org\mongodb\bson-record-codec\4.10.2\bson-record-codec-4.10.2.jar;C:\Users\HariharanB\.m2\repository\com\google\code\gson\gson\2.10.1\gson-2.10.1.jar;C:\Users\HariharanB\.m2\repository\org\junit\jupiter\junit-jupiter-api\5.10.0\junit-jupiter-api-5.10.0.jar;C:\Users\HariharanB\.m2\repository\org\opentest4j\opentest4j\1.3.0\opentest4j-1.3.0.jar;C:\Users\HariharanB\.m2\repository\org\junit\platform\junit-platform-commons\1.10.0\junit-platform-commons-1.10.0.jar;C:\Users\HariharanB\.m2\repository\org\apiguardian\apiguardian-api\1.1.2\apiguardian-api-1.1.2.jar;C:\Users\HariharanB\.m2\repository\org\mockito\mockito-core\5.4.0\mockito-core-5.4.0.jar;C:\Users\HariharanB\.m2\repository\net\bytebuddy\byte-buddy\1.14.5\byte-buddy-1.14.5.jar;C:\Users\HariharanB\.m2\repository\net\bytebuddy\byte-buddy-agent\1.14.5\byte-buddy-agent-1.14.5.jar;C:\Users\HariharanB\.m2\repository\org\objenesis\objenesis\3.3\objenesis-3.3.jar;"/>
    <property name="java.vm.vendor" value="Eclipse Adoptium"/>
    <property name="sun.arch.data.model" value="64"/>
    <property name="user.variant" value=""/>
    <property name="java.vendor.url" value="https://adoptium.net/"/>
    <property name="user.timezone" value="Asia/Calcutta"/>
    <property name="os.name" value="Windows 11"/>
    <property name="java.vm.specification.version" value="17"/>
    <property name="sun.java.launcher" value="SUN_STANDARD"/>
    <property name="user.country" value="IN"/>
    <property name="sun.boot.library.path" value="C:\Users\HariharanB\Downloads\sts-4.16.0.RELEASE\plugins\org.eclipse.justj.openjdk.hotspot.jre.full.win32.x86_64_17.0.4.v20220903-1038\jre\bin"/>
    <property name="sun.java.command" value="C:\Users\HariharanB\AppData\Local\Temp\surefire3777543751552156592\surefirebooter-20230811142230296_3.jar C:\Users\HariharanB\AppData\Local\Temp\surefire3777543751552156592 2023-08-11T14-22-29_516-jvmRun1 surefire-20230811142230296_1tmp surefire_0-20230811142230296_2tmp"/>
    <property name="jdk.debug" value="release"/>
    <property name="surefire.test.class.path" value="C:\Users\HariharanB\InnovationTeam\MongoDBConnector\mongodb-connector\target\test-classes;C:\Users\HariharanB\InnovationTeam\MongoDBConnector\mongodb-connector\target\classes;C:\Users\HariharanB\.m2\repository\io\camunda\connector\connector-core\0.11.3\connector-core-0.11.3.jar;C:\Users\HariharanB\.m2\repository\org\slf4j\slf4j-api\1.7.36\slf4j-api-1.7.36.jar;C:\Users\HariharanB\.m2\repository\io\camunda\connector\connector-validation\0.11.3\connector-validation-0.11.3.jar;C:\Users\HariharanB\.m2\repository\org\hibernate\validator\hibernate-validator\8.0.0.Final\hibernate-validator-8.0.0.Final.jar;C:\Users\HariharanB\.m2\repository\jakarta\validation\jakarta.validation-api\3.0.2\jakarta.validation-api-3.0.2.jar;C:\Users\HariharanB\.m2\repository\org\jboss\logging\jboss-logging\3.4.1.Final\jboss-logging-3.4.1.Final.jar;C:\Users\HariharanB\.m2\repository\com\fasterxml\classmate\1.5.1\classmate-1.5.1.jar;C:\Users\HariharanB\.m2\repository\org\mongodb\mongodb-driver-sync\4.10.2\mongodb-driver-sync-4.10.2.jar;C:\Users\HariharanB\.m2\repository\org\mongodb\bson\4.10.2\bson-4.10.2.jar;C:\Users\HariharanB\.m2\repository\org\mongodb\mongodb-driver-core\4.10.2\mongodb-driver-core-4.10.2.jar;C:\Users\HariharanB\.m2\repository\org\mongodb\bson-record-codec\4.10.2\bson-record-codec-4.10.2.jar;C:\Users\HariharanB\.m2\repository\com\google\code\gson\gson\2.10.1\gson-2.10.1.jar;C:\Users\HariharanB\.m2\repository\org\junit\jupiter\junit-jupiter-api\5.10.0\junit-jupiter-api-5.10.0.jar;C:\Users\HariharanB\.m2\repository\org\opentest4j\opentest4j\1.3.0\opentest4j-1.3.0.jar;C:\Users\HariharanB\.m2\repository\org\junit\platform\junit-platform-commons\1.10.0\junit-platform-commons-1.10.0.jar;C:\Users\HariharanB\.m2\repository\org\apiguardian\apiguardian-api\1.1.2\apiguardian-api-1.1.2.jar;C:\Users\HariharanB\.m2\repository\org\mockito\mockito-core\5.4.0\mockito-core-5.4.0.jar;C:\Users\HariharanB\.m2\repository\net\bytebuddy\byte-buddy\1.14.5\byte-buddy-1.14.5.jar;C:\Users\HariharanB\.m2\repository\net\bytebuddy\byte-buddy-agent\1.14.5\byte-buddy-agent-1.14.5.jar;C:\Users\HariharanB\.m2\repository\org\objenesis\objenesis\3.3\objenesis-3.3.jar;"/>
    <property name="sun.cpu.endian" value="little"/>
    <property name="user.home" value="C:\Users\HariharanB"/>
    <property name="user.language" value="en"/>
    <property name="java.specification.vendor" value="Oracle Corporation"/>
    <property name="java.version.date" value="2022-08-12"/>
    <property name="java.home" value="C:\Users\HariharanB\Downloads\sts-4.16.0.RELEASE\plugins\org.eclipse.justj.openjdk.hotspot.jre.full.win32.x86_64_17.0.4.v20220903-1038\jre"/>
    <property name="file.separator" value="\"/>
    <property name="style.color" value="always"/>
    <property name="basedir" value="C:\Users\HariharanB\InnovationTeam\MongoDBConnector\mongodb-connector"/>
    <property name="java.vm.compressedOopsMode" value="Zero based"/>
    <property name="line.separator" value="&#10;"/>
    <property name="java.vm.specification.vendor" value="Oracle Corporation"/>
    <property name="java.specification.name" value="Java Platform API Specification"/>
    <property name="surefire.real.class.path" value="C:\Users\HariharanB\AppData\Local\Temp\surefire3777543751552156592\surefirebooter-20230811142230296_3.jar"/>
    <property name="user.script" value=""/>
    <property name="sun.management.compiler" value="HotSpot 64-Bit Tiered Compilers"/>
    <property name="java.runtime.version" value="17.0.4.1+1"/>
    <property name="user.name" value="HariharanB"/>
    <property name="path.separator" value=";"/>
    <property name="os.version" value="10.0"/>
    <property name="java.runtime.name" value="OpenJDK Runtime Environment"/>
    <property name="file.encoding" value="Cp1252"/>
    <property name="java.vm.name" value="OpenJDK 64-Bit Server VM"/>
    <property name="java.vendor.version" value="Temurin-17.0.4.1+1"/>
    <property name="localRepository" value="C:\Users\HariharanB\.m2\repository"/>
    <property name="java.vendor.url.bug" value="https://github.com/adoptium/adoptium-support/issues"/>
    <property name="java.io.tmpdir" value="C:\Users\HARIHA~1\AppData\Local\Temp\"/>
    <property name="java.version" value="17.0.4.1"/>
    <property name="user.dir" value="C:\Users\HariharanB\InnovationTeam\MongoDBConnector\mongodb-connector"/>
    <property name="os.arch" value="amd64"/>
    <property name="java.vm.specification.name" value="Java Virtual Machine Specification"/>
    <property name="sun.os.patch.level" value=""/>
    <property name="native.encoding" value="Cp1252"/>
    <property name="java.library.path" value="C:\Users\HariharanB\Downloads\sts-4.16.0.RELEASE\plugins\org.eclipse.justj.openjdk.hotspot.jre.full.win32.x86_64_17.0.4.v20220903-1038\jre\bin;C:\WINDOWS\Sun\Java\bin;C:\WINDOWS\system32;C:\WINDOWS;C:/Users/HariharanB/Downloads/sts-4.16.0.RELEASE//plugins/org.eclipse.justj.openjdk.hotspot.jre.full.win32.x86_64_17.0.4.v20220903-1038/jre/bin/server;C:/Users/HariharanB/Downloads/sts-4.16.0.RELEASE//plugins/org.eclipse.justj.openjdk.hotspot.jre.full.win32.x86_64_17.0.4.v20220903-1038/jre/bin;C:\Python311\Scripts\;C:\Python311\;C:\Program Files\Common Files\Oracle\Java\javapath;C:\Program Files (x86)\Intel\Intel(R) Management Engine Components\iCLS\;C:\Program Files\Intel\Intel(R) Management Engine Components\iCLS\;C:\WINDOWS\system32;C:\WINDOWS;C:\WINDOWS\System32\Wbem;C:\WINDOWS\System32\WindowsPowerShell\v1.0\;C:\WINDOWS\System32\OpenSSH\;C:\ProgramData\chocolatey\bin;C:\Program Files\nodejs\;C:\Program Files\dotnet\;C:\Program Files\orientdb-community-3.2.13\bin;C:\Program Files\Git\cmd;C:\Program Files (x86)\GitExtensions\;C:\kafka_2.13-3.4.1\bin\windows;C:\Program Files\gradle-8.1.1\bin;;C:\Program Files\Docker\Docker\resources\bin;C:\Users\HariharanB\AppData\Local\Microsoft\WindowsApps;C:\Program Files\Git\bin;C:\Users\HariharanB\AppData\Local\Programs\Microsoft VS Code\bin;C:\Users\HariharanB\AppData\Roaming\npm;C:\Users\HariharanB\AppData\Local\GitHubDesktop\bin;C:\Program Files\Java\jdk-17\bin;;C:\Users\HariharanB\Downloads\sts-4.16.0.RELEASE;;."/>
    <property name="java.vm.info" value="mixed mode"/>
    <property name="java.vendor" value="Eclipse Adoptium"/>
    <property name="java.vm.version" value="17.0.4.1+1"/>
    <property name="sun.io.unicode.encoding" value="UnicodeLittle"/>
    <property name="java.class.version" value="61.0"/>
  </properties>
  <testcase name="testCreateNullCollection" classname="com.acheron.camunda.connectors.mongodb.TestMongoFunctions" time="2.395">
    <system-err><![CDATA[SLF4J: Failed to load class "org.slf4j.impl.StaticLoggerBinder".
SLF4J: Defaulting to no-operation (NOP) logger implementation
SLF4J: See http://www.slf4j.org/codes.html#StaticLoggerBinder for further details.
]]></system-err>
  </testcase>
  <testcase name="testBasicDelete" classname="com.acheron.camunda.connectors.mongodb.TestMongoFunctions" time="0.108"/>
  <testcase name="testBasicUpdate" classname="com.acheron.camunda.connectors.mongodb.TestMongoFunctions" time="0.013"/>
  <testcase name="testBasicRetrieval" classname="com.acheron.camunda.connectors.mongodb.TestMongoFunctions" time="0.017"/>
  <testcase name="testCreate" classname="com.acheron.camunda.connectors.mongodb.TestMongoFunctions" time="0.007"/>
  <testcase name="testInsert" classname="com.acheron.camunda.connectors.mongodb.TestMongoFunctions" time="0.009"/>
  <testcase name="testCreateNullDatabase" classname="com.acheron.camunda.connectors.mongodb.TestMongoFunctions" time="0.007"/>
</testsuite>